c:\users\do843\desktop\fall 2021\cs300\cs300_hoseobjeong\x64\debug\hs_engine.pdb
c:\users\do843\desktop\fall 2021\cs300\cs300_hoseobjeong\x64\debug\hs_engine.idb
c:\users\do843\desktop\fall 2021\cs300\cs300_hoseobjeong\hs_engine\x64\debug\imguimanager.obj
c:\users\do843\desktop\fall 2021\cs300\cs300_hoseobjeong\hs_engine\x64\debug\window.obj
c:\users\do843\desktop\fall 2021\cs300\cs300_hoseobjeong\hs_engine\x64\debug\vertexarraydata.obj
c:\users\do843\desktop\fall 2021\cs300\cs300_hoseobjeong\hs_engine\x64\debug\scenemanager.obj
c:\users\do843\desktop\fall 2021\cs300\cs300_hoseobjeong\hs_engine\x64\debug\shader.obj
c:\users\do843\desktop\fall 2021\cs300\cs300_hoseobjeong\hs_engine\x64\debug\render.obj
c:\users\do843\desktop\fall 2021\cs300\cs300_hoseobjeong\hs_engine\x64\debug\preceduralmesh.obj
c:\users\do843\desktop\fall 2021\cs300\cs300_hoseobjeong\hs_engine\x64\debug\cubemesh.obj
c:\users\do843\desktop\fall 2021\cs300\cs300_hoseobjeong\hs_engine\x64\debug\material.obj
c:\users\do843\desktop\fall 2021\cs300\cs300_hoseobjeong\hs_engine\x64\debug\engine.obj
c:\users\do843\desktop\fall 2021\cs300\cs300_hoseobjeong\hs_engine\x64\debug\context.obj
c:\users\do843\desktop\fall 2021\cs300\cs300_hoseobjeong\hs_engine\x64\debug\buffer.obj
c:\users\do843\desktop\fall 2021\cs300\cs300_hoseobjeong\hs_engine\x64\debug\objloader.obj
c:\users\do843\desktop\fall 2021\cs300\cs300_hoseobjeong\x64\debug\hs_engine.lib
c:\users\do843\desktop\fall 2021\cs300\cs300_hoseobjeong\hs_engine\x64\debug\hs_engine.tlog\cl.command.1.tlog
c:\users\do843\desktop\fall 2021\cs300\cs300_hoseobjeong\hs_engine\x64\debug\hs_engine.tlog\cl.read.1.tlog
c:\users\do843\desktop\fall 2021\cs300\cs300_hoseobjeong\hs_engine\x64\debug\hs_engine.tlog\cl.write.1.tlog
c:\users\do843\desktop\fall 2021\cs300\cs300_hoseobjeong\hs_engine\x64\debug\hs_engine.tlog\lib-link.read.1.tlog
c:\users\do843\desktop\fall 2021\cs300\cs300_hoseobjeong\hs_engine\x64\debug\hs_engine.tlog\lib-link.write.1.tlog
c:\users\do843\desktop\fall 2021\cs300\cs300_hoseobjeong\hs_engine\x64\debug\hs_engine.tlog\lib.command.1.tlog
